<?xml version="1.0" encoding="UTF-8"?>
<!-- Generated by org.testng.reporters.JUnitReportReporter -->
<testsuite skipped="0" hostname="kushan" name="TestBankPkg.BankAppTest" tests="1" failures="0" timestamp="27 Dec 2018 17:21:26 GMT" time="40.843" errors="0">
  <testcase name="testBankLoginMakePayment" time="40.843" classname="TestBankPkg.BankAppTest"/>
</testsuite> <!-- TestBankPkg.BankAppTest -->
